0 info it worked if it ends with ok
1 verbose cli [ 'C:\\Program Files\\nodejs\\node.exe',
1 verbose cli   'C:\\Users\\Ruth Bagley\\AppData\\Roaming\\npm\\node_modules\\npm\\bin\\npm-cli.js',
1 verbose cli   'start' ]
2 info using npm@3.10.5
3 info using node@v4.4.7
4 verbose run-script [ 'prestart', 'start', 'poststart' ]
5 info lifecycle project-nzt@0.0.0~prestart: project-nzt@0.0.0
6 silly lifecycle project-nzt@0.0.0~prestart: no script for prestart, continuing
7 info lifecycle project-nzt@0.0.0~start: project-nzt@0.0.0
8 verbose lifecycle project-nzt@0.0.0~start: unsafe-perm in lifecycle true
9 verbose lifecycle project-nzt@0.0.0~start: PATH: C:\Users\Ruth Bagley\AppData\Roaming\npm\node_modules\npm\bin\node-gyp-bin;C:\Users\Ruth Bagley\documents\horizons\github\nzt\node_modules\.bin;C:\Program Files\nodejs;C:\Users\Ruth Bagley\bin;C:\Program Files\Git\mingw64\bin;C:\Program Files\Git\usr\local\bin;C:\Program Files\Git\usr\bin;C:\Program Files\Git\usr\bin;C:\Program Files\Git\mingw64\bin;C:\Program Files\Git\usr\bin;C:\Users\Ruth Bagley\bin;C:\WINDOWS\system32;C:\WINDOWS;C:\WINDOWS\System32\Wbem;C:\WINDOWS\System32\WindowsPowerShell\v1.0;C:\Program Files (x86)\Skype\Phone;C:\Program Files\Git\cmd;C:\Program Files (x86)\Heroku\bin;C:\Program Files (x86)\git\cmd;C:\Program Files (x86)\Git\cmd;C:\Users\Ruth Bagley\AppData\Roaming\nvm;C:\Program Files\nodejs;C:\Program Files\nodejs;C:\Users\Ruth Bagley\AppData\Roaming\nvm;C:\Program Files\nodejs;C:\Users\Ruth Bagley\AppData\Roaming\npm;C:\Users\Ruth Bagley\AppData\Local\atom\bin;C:\Program Files\Git\usr\bin\vendor_perl;C:\Program Files\Git\usr\bin\core_perl
10 verbose lifecycle project-nzt@0.0.0~start: CWD: C:\Users\Ruth Bagley\documents\horizons\github\nzt
11 silly lifecycle project-nzt@0.0.0~start: Args: [ '/d /s /c', 'node ./bin/www' ]
12 silly lifecycle project-nzt@0.0.0~start: Returned: code: 1  signal: null
13 info lifecycle project-nzt@0.0.0~start: Failed to exec start script
14 verbose stack Error: project-nzt@0.0.0 start: `node ./bin/www`
14 verbose stack Exit status 1
14 verbose stack     at EventEmitter.<anonymous> (C:\Users\Ruth Bagley\AppData\Roaming\npm\node_modules\npm\lib\utils\lifecycle.js:242:16)
14 verbose stack     at emitTwo (events.js:87:13)
14 verbose stack     at EventEmitter.emit (events.js:172:7)
14 verbose stack     at ChildProcess.<anonymous> (C:\Users\Ruth Bagley\AppData\Roaming\npm\node_modules\npm\lib\utils\spawn.js:40:14)
14 verbose stack     at emitTwo (events.js:87:13)
14 verbose stack     at ChildProcess.emit (events.js:172:7)
14 verbose stack     at maybeClose (internal/child_process.js:827:16)
14 verbose stack     at Process.ChildProcess._handle.onexit (internal/child_process.js:211:5)
15 verbose pkgid project-nzt@0.0.0
16 verbose cwd C:\Users\Ruth Bagley\documents\horizons\github\nzt
17 error Windows_NT 10.0.10586
18 error argv "C:\\Program Files\\nodejs\\node.exe" "C:\\Users\\Ruth Bagley\\AppData\\Roaming\\npm\\node_modules\\npm\\bin\\npm-cli.js" "start"
19 error node v4.4.7
20 error npm  v3.10.5
21 error code ELIFECYCLE
22 error project-nzt@0.0.0 start: `node ./bin/www`
22 error Exit status 1
23 error Failed at the project-nzt@0.0.0 start script 'node ./bin/www'.
23 error Make sure you have the latest version of node.js and npm installed.
23 error If you do, this is most likely a problem with the project-nzt package,
23 error not with npm itself.
23 error Tell the author that this fails on your system:
23 error     node ./bin/www
23 error You can get information on how to open an issue for this project with:
23 error     npm bugs project-nzt
23 error Or if that isn't available, you can get their info via:
23 error     npm owner ls project-nzt
23 error There is likely additional logging output above.
24 verbose exit [ 1, true ]
